0 info it worked if it ends with ok
1 verbose cli [ 'C:\\Program Files\\nodejs\\\\node.exe',
1 verbose cli   'C:\\Program Files\\nodejs\\node_modules\\npm\\bin\\npm-cli.js',
1 verbose cli   'run',
1 verbose cli   'watch' ]
2 info using npm@1.4.28
3 info using node@v0.10.33
4 verbose node symlink C:\Program Files\nodejs\\node.exe
5 verbose run-script [ 'prewatch', 'watch', 'postwatch' ]
6 info prewatch Smite-Randomizer@1.0.0
7 info watch Smite-Randomizer@1.0.0
8 verbose unsafe-perm in lifecycle true
9 info Smite-Randomizer@1.0.0 Failed to exec watch script
10 error Smite-Randomizer@1.0.0 watch: `npm run watch-js & npm run watch-css`
10 error Exit status 34
11 error Failed at the Smite-Randomizer@1.0.0 watch script.
11 error This is most likely a problem with the Smite-Randomizer package,
11 error not with npm itself.
11 error Tell the author that this fails on your system:
11 error     npm run watch-js & npm run watch-css
11 error You can get their info via:
11 error     npm owner ls Smite-Randomizer
11 error There is likely additional logging output above.
12 error System Windows_NT 6.1.7601
13 error command "C:\\Program Files\\nodejs\\\\node.exe" "C:\\Program Files\\nodejs\\node_modules\\npm\\bin\\npm-cli.js" "run" "watch"
14 error cwd C:\xampp\htdocs\idle
15 error node -v v0.10.33
16 error npm -v 1.4.28
17 error code ELIFECYCLE
18 verbose exit [ 1, true ]
